Error: ENOENT: no such file or directory, open '64'
    at Object.openSync (fs.js:462:3)
    at Object.readFileSync (fs.js:364:35)
    at encodeTC (/home/mas01tc/min_index_tab/index.js:77:14)
    at /home/mas01tc/min_index_tab/index.js:52:16
    at Layer.handle [as handle_request] (/home/mas01tc/min_index_tab/node_modules/express/lib/router/layer.js:95:5)
    at next (/home/mas01tc/min_index_tab/node_modules/express/lib/router/route.js:144:13)
    at Route.dispatch (/home/mas01tc/min_index_tab/node_modules/express/lib/router/route.js:114:3)
    at Layer.handle [as handle_request] (/home/mas01tc/min_index_tab/node_modules/express/lib/router/layer.js:95:5)
    at /home/mas01tc/min_index_tab/node_modules/express/lib/router/index.js:284:15
    at Function.process_params (/home/mas01tc/min_index_tab/node_modules/express/lib/router/index.js:346:12)
Error: ENOENT: no such file or directory, open '96'
    at Object.openSync (fs.js:462:3)
    at Object.readFileSync (fs.js:364:35)
    at encodeTC (/home/mas01tc/min_index_tab/index.js:77:14)
    at /home/mas01tc/min_index_tab/index.js:52:16
    at Layer.handle [as handle_request] (/home/mas01tc/min_index_tab/node_modules/express/lib/router/layer.js:95:5)
    at next (/home/mas01tc/min_index_tab/node_modules/express/lib/router/route.js:144:13)
    at Route.dispatch (/home/mas01tc/min_index_tab/node_modules/express/lib/router/route.js:114:3)
    at Layer.handle [as handle_request] (/home/mas01tc/min_index_tab/node_modules/express/lib/router/layer.js:95:5)
    at /home/mas01tc/min_index_tab/node_modules/express/lib/router/index.js:284:15
    at Function.process_params (/home/mas01tc/min_index_tab/node_modules/express/lib/router/index.js:346:12)
Error: ENOENT: no such file or directory, open '128'
    at Object.openSync (fs.js:462:3)
    at Object.readFileSync (fs.js:364:35)
    at encodeTC (/home/mas01tc/min_index_tab/index.js:77:14)
    at /home/mas01tc/min_index_tab/index.js:52:16
    at Layer.handle [as handle_request] (/home/mas01tc/min_index_tab/node_modules/express/lib/router/layer.js:95:5)
    at next (/home/mas01tc/min_index_tab/node_modules/express/lib/router/route.js:144:13)
    at Route.dispatch (/home/mas01tc/min_index_tab/node_modules/express/lib/router/route.js:114:3)
    at Layer.handle [as handle_request] (/home/mas01tc/min_index_tab/node_modules/express/lib/router/layer.js:95:5)
    at /home/mas01tc/min_index_tab/node_modules/express/lib/router/index.js:284:15
    at Function.process_params (/home/mas01tc/min_index_tab/node_modules/express/lib/router/index.js:346:12)
Error: ENOENT: no such file or directory, open '192'
    at Object.openSync (fs.js:462:3)
    at Object.readFileSync (fs.js:364:35)
    at encodeTC (/home/mas01tc/min_index_tab/index.js:77:14)
    at /home/mas01tc/min_index_tab/index.js:52:16
    at Layer.handle [as handle_request] (/home/mas01tc/min_index_tab/node_modules/express/lib/router/layer.js:95:5)
    at next (/home/mas01tc/min_index_tab/node_modules/express/lib/router/route.js:144:13)
    at Route.dispatch (/home/mas01tc/min_index_tab/node_modules/express/lib/router/route.js:114:3)
    at Layer.handle [as handle_request] (/home/mas01tc/min_index_tab/node_modules/express/lib/router/layer.js:95:5)
    at /home/mas01tc/min_index_tab/node_modules/express/lib/router/index.js:284:15
    at Function.process_params (/home/mas01tc/min_index_tab/node_modules/express/lib/router/index.js:346:12)
Error: ENOENT: no such file or directory, open '256'
    at Object.openSync (fs.js:462:3)
    at Object.readFileSync (fs.js:364:35)
    at encodeTC (/home/mas01tc/min_index_tab/index.js:77:14)
    at /home/mas01tc/min_index_tab/index.js:52:16
    at Layer.handle [as handle_request] (/home/mas01tc/min_index_tab/node_modules/express/lib/router/layer.js:95:5)
    at next (/home/mas01tc/min_index_tab/node_modules/express/lib/router/route.js:144:13)
    at Route.dispatch (/home/mas01tc/min_index_tab/node_modules/express/lib/router/route.js:114:3)
    at Layer.handle [as handle_request] (/home/mas01tc/min_index_tab/node_modules/express/lib/router/layer.js:95:5)
    at /home/mas01tc/min_index_tab/node_modules/express/lib/router/index.js:284:15
    at Function.process_params (/home/mas01tc/min_index_tab/node_modules/express/lib/router/index.js:346:12)
Error: ENOENT: no such file or directory, open '384'
    at Object.openSync (fs.js:462:3)
    at Object.readFileSync (fs.js:364:35)
    at encodeTC (/home/mas01tc/min_index_tab/index.js:77:14)
    at /home/mas01tc/min_index_tab/index.js:52:16
    at Layer.handle [as handle_request] (/home/mas01tc/min_index_tab/node_modules/express/lib/router/layer.js:95:5)
    at next (/home/mas01tc/min_index_tab/node_modules/express/lib/router/route.js:144:13)
    at Route.dispatch (/home/mas01tc/min_index_tab/node_modules/express/lib/router/route.js:114:3)
    at Layer.handle [as handle_request] (/home/mas01tc/min_index_tab/node_modules/express/lib/router/layer.js:95:5)
    at /home/mas01tc/min_index_tab/node_modules/express/lib/router/index.js:284:15
    at Function.process_params (/home/mas01tc/min_index_tab/node_modules/express/lib/router/index.js:346:12)
Error: ENOENT: no such file or directory, open '512'
    at Object.openSync (fs.js:462:3)
    at Object.readFileSync (fs.js:364:35)
    at encodeTC (/home/mas01tc/min_index_tab/index.js:77:14)
    at /home/mas01tc/min_index_tab/index.js:52:16
    at Layer.handle [as handle_request] (/home/mas01tc/min_index_tab/node_modules/express/lib/router/layer.js:95:5)
    at next (/home/mas01tc/min_index_tab/node_modules/express/lib/router/route.js:144:13)
    at Route.dispatch (/home/mas01tc/min_index_tab/node_modules/express/lib/router/route.js:114:3)
    at Layer.handle [as handle_request] (/home/mas01tc/min_index_tab/node_modules/express/lib/router/layer.js:95:5)
    at /home/mas01tc/min_index_tab/node_modules/express/lib/router/index.js:284:15
    at Function.process_params (/home/mas01tc/min_index_tab/node_modules/express/lib/router/index.js:346:12)
Error: ENOENT: no such file or directory, open '768'
    at Object.openSync (fs.js:462:3)
    at Object.readFileSync (fs.js:364:35)
    at encodeTC (/home/mas01tc/min_index_tab/index.js:77:14)
    at /home/mas01tc/min_index_tab/index.js:52:16
    at Layer.handle [as handle_request] (/home/mas01tc/min_index_tab/node_modules/express/lib/router/layer.js:95:5)
    at next (/home/mas01tc/min_index_tab/node_modules/express/lib/router/route.js:144:13)
    at Route.dispatch (/home/mas01tc/min_index_tab/node_modules/express/lib/router/route.js:114:3)
    at Layer.handle [as handle_request] (/home/mas01tc/min_index_tab/node_modules/express/lib/router/layer.js:95:5)
    at /home/mas01tc/min_index_tab/node_modules/express/lib/router/index.js:284:15
    at Function.process_params (/home/mas01tc/min_index_tab/node_modules/express/lib/router/index.js:346:12)
Error: ENOENT: no such file or directory, open '1024'
    at Object.openSync (fs.js:462:3)
    at Object.readFileSync (fs.js:364:35)
    at encodeTC (/home/mas01tc/min_index_tab/index.js:77:14)
    at /home/mas01tc/min_index_tab/index.js:52:16
    at Layer.handle [as handle_request] (/home/mas01tc/min_index_tab/node_modules/express/lib/router/layer.js:95:5)
    at next (/home/mas01tc/min_index_tab/node_modules/express/lib/router/route.js:144:13)
    at Route.dispatch (/home/mas01tc/min_index_tab/node_modules/express/lib/router/route.js:114:3)
    at Layer.handle [as handle_request] (/home/mas01tc/min_index_tab/node_modules/express/lib/router/layer.js:95:5)
    at /home/mas01tc/min_index_tab/node_modules/express/lib/router/index.js:284:15
    at Function.process_params (/home/mas01tc/min_index_tab/node_modules/express/lib/router/index.js:346:12)
